{"/Users/haidersyed/github/hrr45-fec/sidebar-body-related/client/App.jsx": {"path":"/Users/haidersyed/github/hrr45-fec/sidebar-body-related/client/App.jsx","statementMap":{"0":{"start":{"line":9,"column":6},"end":{"line":9,"column":14}},"1":{"start":{"line":10,"column":6},"end":{"line":13,"column":8}},"2":{"start":{"line":17,"column":2},"end":{"line":33,"column":5}},"3":{"start":{"line":24,"column":4},"end":{"line":26,"column":7}},"4":{"start":{"line":27,"column":4},"end":{"line":27,"column":36}},"5":{"start":{"line":28,"column":4},"end":{"line":28,"column":48}},"6":{"start":{"line":31,"column":4},"end":{"line":31,"column":36}},"7":{"start":{"line":32,"column":4},"end":{"line":32,"column":25}},"8":{"start":{"line":38,"column":26},"end":{"line":38,"column":36}},"9":{"start":{"line":40,"column":4},"end":{"line":51,"column":5}}},"fnMap":{"0":{"name":"(anonymous_0)","decl":{"start":{"line":8,"column":4},"end":{"line":8,"column":5}},"loc":{"start":{"line":8,"column":18},"end":{"line":14,"column":5}},"line":8},"1":{"name":"(anonymous_1)","decl":{"start":{"line":16,"column":0},"end":{"line":16,"column":1}},"loc":{"start":{"line":16,"column":20},"end":{"line":35,"column":1}},"line":16},"2":{"name":"(anonymous_2)","decl":{"start":{"line":22,"column":8},"end":{"line":22,"column":9}},"loc":{"start":{"line":22,"column":17},"end":{"line":29,"column":3}},"line":22},"3":{"name":"(anonymous_3)","decl":{"start":{"line":30,"column":9},"end":{"line":30,"column":10}},"loc":{"start":{"line":30,"column":16},"end":{"line":33,"column":3}},"line":30},"4":{"name":"(anonymous_4)","decl":{"start":{"line":37,"column":0},"end":{"line":37,"column":1}},"loc":{"start":{"line":37,"column":9},"end":{"line":52,"column":3}},"line":37}},"branchMap":{"0":{"loc":{"start":{"line":43,"column":9},"end":{"line":45,"column":32}},"type":"cond-expr","locations":[{"start":{"line":44,"column":8},"end":{"line":44,"column":48}},{"start":{"line":45,"column":10},"end":{"line":45,"column":32}}],"line":43},"1":{"loc":{"start":{"line":46,"column":9},"end":{"line":48,"column":40}},"type":"cond-expr","locations":[{"start":{"line":47,"column":8},"end":{"line":47,"column":62}},{"start":{"line":48,"column":10},"end":{"line":48,"column":40}}],"line":46}},"s":{"0":1,"1":1,"2":1,"3":0,"4":0,"5":0,"6":0,"7":0,"8":1,"9":1},"f":{"0":1,"1":1,"2":0,"3":0,"4":1},"b":{"0":[0,1],"1":[0,1]},"_coverageSchema":"1a1c01bbd47fc00a2c39e90264f33305004495a9","hash":"9d5dd1ecc1e009d316b9348b3b3fbf1291ff4e97"}
,"/Users/haidersyed/github/hrr45-fec/sidebar-body-related/client/components/Mainbody.jsx": {"path":"/Users/haidersyed/github/hrr45-fec/sidebar-body-related/client/components/Mainbody.jsx","statementMap":{"0":{"start":{"line":4,"column":17},"end":{"line":40,"column":3}},"1":{"start":{"line":5,"column":0},"end":{"line":5,"column":38}},"2":{"start":{"line":6,"column":20},"end":{"line":6,"column":50}},"3":{"start":{"line":7,"column":22},"end":{"line":7,"column":80}},"4":{"start":{"line":8,"column":11},"end":{"line":8,"column":58}},"5":{"start":{"line":9,"column":18},"end":{"line":9,"column":61}},"6":{"start":{"line":10,"column":15},"end":{"line":10,"column":55}},"7":{"start":{"line":11,"column":13},"end":{"line":11,"column":55}},"8":{"start":{"line":13,"column":4},"end":{"line":39,"column":5}}},"fnMap":{"0":{"name":"(anonymous_0)","decl":{"start":{"line":4,"column":17},"end":{"line":4,"column":18}},"loc":{"start":{"line":4,"column":28},"end":{"line":40,"column":3}},"line":4}},"branchMap":{},"s":{"0":1,"1":1,"2":1,"3":1,"4":1,"5":1,"6":1,"7":1,"8":1},"f":{"0":1},"b":{},"_coverageSchema":"1a1c01bbd47fc00a2c39e90264f33305004495a9","hash":"752d749ce25198ee3db116eefefeed4762a09216"}
,"/Users/haidersyed/github/hrr45-fec/sidebar-body-related/client/components/RelatedContent.jsx": {"path":"/Users/haidersyed/github/hrr45-fec/sidebar-body-related/client/components/RelatedContent.jsx","statementMap":{"0":{"start":{"line":4,"column":23},"end":{"line":14,"column":3}},"1":{"start":{"line":6,"column":4},"end":{"line":13,"column":5}}},"fnMap":{"0":{"name":"(anonymous_0)","decl":{"start":{"line":4,"column":23},"end":{"line":4,"column":24}},"loc":{"start":{"line":4,"column":34},"end":{"line":14,"column":3}},"line":4}},"branchMap":{},"s":{"0":1,"1":1},"f":{"0":1},"b":{},"_coverageSchema":"1a1c01bbd47fc00a2c39e90264f33305004495a9","hash":"796b80fa357cecb3224e8bbe2df4eb35f524fe23"}
,"/Users/haidersyed/github/hrr45-fec/sidebar-body-related/client/components/Sidebar.jsx": {"path":"/Users/haidersyed/github/hrr45-fec/sidebar-body-related/client/components/Sidebar.jsx","statementMap":{"0":{"start":{"line":9,"column":16},"end":{"line":28,"column":3}},"1":{"start":{"line":10,"column":2},"end":{"line":10,"column":51}},"2":{"start":{"line":11,"column":4},"end":{"line":27,"column":5}}},"fnMap":{"0":{"name":"(anonymous_0)","decl":{"start":{"line":9,"column":16},"end":{"line":9,"column":17}},"loc":{"start":{"line":9,"column":27},"end":{"line":28,"column":3}},"line":9}},"branchMap":{},"s":{"0":1,"1":1,"2":1},"f":{"0":1},"b":{},"_coverageSchema":"1a1c01bbd47fc00a2c39e90264f33305004495a9","hash":"1742af9bc398f8a47f9ccde5be178c76c718aeaa"}
,"/Users/haidersyed/github/hrr45-fec/sidebar-body-related/test/dummydata.js": {"path":"/Users/haidersyed/github/hrr45-fec/sidebar-body-related/test/dummydata.js","statementMap":{"0":{"start":{"line":1,"column":0},"end":{"line":148,"column":1}}},"fnMap":{},"branchMap":{},"s":{"0":1},"f":{},"b":{},"_coverageSchema":"1a1c01bbd47fc00a2c39e90264f33305004495a9","hash":"64ae2f04568313b27d2e3b8a593cb8a1113e2725"}
}
