{"/Users/haidersyed/github/hrr45-fec/sidebar-body-related/client/App.jsx": {"path":"/Users/haidersyed/github/hrr45-fec/sidebar-body-related/client/App.jsx","statementMap":{"0":{"start":{"line":9,"column":6},"end":{"line":9,"column":14}},"1":{"start":{"line":10,"column":6},"end":{"line":13,"column":8}},"2":{"start":{"line":17,"column":2},"end":{"line":33,"column":5}},"3":{"start":{"line":24,"column":4},"end":{"line":26,"column":7}},"4":{"start":{"line":27,"column":4},"end":{"line":27,"column":36}},"5":{"start":{"line":28,"column":4},"end":{"line":28,"column":48}},"6":{"start":{"line":31,"column":4},"end":{"line":31,"column":36}},"7":{"start":{"line":32,"column":4},"end":{"line":32,"column":25}},"8":{"start":{"line":38,"column":26},"end":{"line":38,"column":36}},"9":{"start":{"line":40,"column":4},"end":{"line":51,"column":5}}},"fnMap":{"0":{"name":"(anonymous_0)","decl":{"start":{"line":8,"column":4},"end":{"line":8,"column":5}},"loc":{"start":{"line":8,"column":18},"end":{"line":14,"column":5}},"line":8},"1":{"name":"(anonymous_1)","decl":{"start":{"line":16,"column":0},"end":{"line":16,"column":1}},"loc":{"start":{"line":16,"column":20},"end":{"line":35,"column":1}},"line":16},"2":{"name":"(anonymous_2)","decl":{"start":{"line":22,"column":8},"end":{"line":22,"column":9}},"loc":{"start":{"line":22,"column":17},"end":{"line":29,"column":3}},"line":22},"3":{"name":"(anonymous_3)","decl":{"start":{"line":30,"column":9},"end":{"line":30,"column":10}},"loc":{"start":{"line":30,"column":16},"end":{"line":33,"column":3}},"line":30},"4":{"name":"(anonymous_4)","decl":{"start":{"line":37,"column":0},"end":{"line":37,"column":1}},"loc":{"start":{"line":37,"column":9},"end":{"line":52,"column":3}},"line":37}},"branchMap":{"0":{"loc":{"start":{"line":43,"column":9},"end":{"line":45,"column":32}},"type":"cond-expr","locations":[{"start":{"line":44,"column":8},"end":{"line":44,"column":48}},{"start":{"line":45,"column":10},"end":{"line":45,"column":32}}],"line":43},"1":{"loc":{"start":{"line":46,"column":9},"end":{"line":48,"column":40}},"type":"cond-expr","locations":[{"start":{"line":47,"column":8},"end":{"line":47,"column":62}},{"start":{"line":48,"column":10},"end":{"line":48,"column":40}}],"line":46}},"s":{"0":1,"1":1,"2":1,"3":0,"4":0,"5":0,"6":0,"7":0,"8":1,"9":1},"f":{"0":1,"1":1,"2":0,"3":0,"4":1},"b":{"0":[0,1],"1":[0,1]},"_coverageSchema":"1a1c01bbd47fc00a2c39e90264f33305004495a9","hash":"9d5dd1ecc1e009d316b9348b3b3fbf1291ff4e97"}
,"/Users/haidersyed/github/hrr45-fec/sidebar-body-related/client/components/Mainbody.jsx": {"path":"/Users/haidersyed/github/hrr45-fec/sidebar-body-related/client/components/Mainbody.jsx","statementMap":{"0":{"start":{"line":4,"column":17},"end":{"line":40,"column":3}},"1":{"start":{"line":6,"column":20},"end":{"line":6,"column":50}},"2":{"start":{"line":7,"column":22},"end":{"line":7,"column":80}},"3":{"start":{"line":8,"column":11},"end":{"line":8,"column":58}},"4":{"start":{"line":9,"column":18},"end":{"line":9,"column":61}},"5":{"start":{"line":10,"column":15},"end":{"line":10,"column":55}},"6":{"start":{"line":11,"column":13},"end":{"line":11,"column":55}},"7":{"start":{"line":13,"column":4},"end":{"line":39,"column":5}}},"fnMap":{"0":{"name":"(anonymous_0)","decl":{"start":{"line":4,"column":17},"end":{"line":4,"column":18}},"loc":{"start":{"line":4,"column":28},"end":{"line":40,"column":3}},"line":4}},"branchMap":{},"s":{"0":1,"1":0,"2":0,"3":0,"4":0,"5":0,"6":0,"7":0},"f":{"0":0},"b":{},"_coverageSchema":"1a1c01bbd47fc00a2c39e90264f33305004495a9","hash":"5e39175e7dd14d422cee2024faeff60d861fb245"}
,"/Users/haidersyed/github/hrr45-fec/sidebar-body-related/client/components/RelatedContent.jsx": {"path":"/Users/haidersyed/github/hrr45-fec/sidebar-body-related/client/components/RelatedContent.jsx","statementMap":{"0":{"start":{"line":4,"column":23},"end":{"line":14,"column":3}},"1":{"start":{"line":6,"column":4},"end":{"line":13,"column":5}}},"fnMap":{"0":{"name":"(anonymous_0)","decl":{"start":{"line":4,"column":23},"end":{"line":4,"column":24}},"loc":{"start":{"line":4,"column":34},"end":{"line":14,"column":3}},"line":4}},"branchMap":{},"s":{"0":1,"1":0},"f":{"0":0},"b":{},"_coverageSchema":"1a1c01bbd47fc00a2c39e90264f33305004495a9","hash":"796b80fa357cecb3224e8bbe2df4eb35f524fe23"}
,"/Users/haidersyed/github/hrr45-fec/sidebar-body-related/client/components/Sidebar.jsx": {"path":"/Users/haidersyed/github/hrr45-fec/sidebar-body-related/client/components/Sidebar.jsx","statementMap":{"0":{"start":{"line":9,"column":16},"end":{"line":28,"column":3}},"1":{"start":{"line":10,"column":2},"end":{"line":10,"column":51}},"2":{"start":{"line":11,"column":4},"end":{"line":27,"column":5}}},"fnMap":{"0":{"name":"(anonymous_0)","decl":{"start":{"line":9,"column":16},"end":{"line":9,"column":17}},"loc":{"start":{"line":9,"column":27},"end":{"line":28,"column":3}},"line":9}},"branchMap":{},"s":{"0":1,"1":0,"2":0},"f":{"0":0},"b":{},"_coverageSchema":"1a1c01bbd47fc00a2c39e90264f33305004495a9","hash":"1742af9bc398f8a47f9ccde5be178c76c718aeaa"}
,"/Users/haidersyed/github/hrr45-fec/sidebar-body-related/client/components/sub-components/Languages.jsx": {"path":"/Users/haidersyed/github/hrr45-fec/sidebar-body-related/client/components/sub-components/Languages.jsx","statementMap":{"0":{"start":{"line":3,"column":18},"end":{"line":11,"column":5}},"1":{"start":{"line":4,"column":4},"end":{"line":4,"column":43}},"2":{"start":{"line":5,"column":6},"end":{"line":10,"column":7}}},"fnMap":{"0":{"name":"(anonymous_0)","decl":{"start":{"line":3,"column":18},"end":{"line":3,"column":19}},"loc":{"start":{"line":3,"column":29},"end":{"line":11,"column":5}},"line":3}},"branchMap":{},"s":{"0":1,"1":0,"2":0},"f":{"0":0},"b":{},"_coverageSchema":"1a1c01bbd47fc00a2c39e90264f33305004495a9","hash":"4398cc358997931f810c3bd35728bb4dde5132b3"}
,"/Users/haidersyed/github/hrr45-fec/sidebar-body-related/client/components/sub-components/Minidescription.jsx": {"path":"/Users/haidersyed/github/hrr45-fec/sidebar-body-related/client/components/sub-components/Minidescription.jsx","statementMap":{"0":{"start":{"line":4,"column":24},"end":{"line":40,"column":5}},"1":{"start":{"line":5,"column":19},"end":{"line":5,"column":57}},"2":{"start":{"line":6,"column":24},"end":{"line":6,"column":133}},"3":{"start":{"line":7,"column":4},"end":{"line":7,"column":49}},"4":{"start":{"line":8,"column":6},"end":{"line":39,"column":7}}},"fnMap":{"0":{"name":"(anonymous_0)","decl":{"start":{"line":4,"column":24},"end":{"line":4,"column":25}},"loc":{"start":{"line":4,"column":35},"end":{"line":40,"column":5}},"line":4}},"branchMap":{},"s":{"0":1,"1":0,"2":0,"3":0,"4":0},"f":{"0":0},"b":{},"_coverageSchema":"1a1c01bbd47fc00a2c39e90264f33305004495a9","hash":"bfba282373ed93b36cdd4f37d44f572f099f053a"}
,"/Users/haidersyed/github/hrr45-fec/sidebar-body-related/client/components/sub-components/Subdescription.jsx": {"path":"/Users/haidersyed/github/hrr45-fec/sidebar-body-related/client/components/sub-components/Subdescription.jsx","statementMap":{"0":{"start":{"line":3,"column":23},"end":{"line":24,"column":5}},"1":{"start":{"line":4,"column":4},"end":{"line":4,"column":48}},"2":{"start":{"line":5,"column":6},"end":{"line":23,"column":7}}},"fnMap":{"0":{"name":"(anonymous_0)","decl":{"start":{"line":3,"column":23},"end":{"line":3,"column":24}},"loc":{"start":{"line":3,"column":34},"end":{"line":24,"column":5}},"line":3}},"branchMap":{},"s":{"0":1,"1":0,"2":0},"f":{"0":0},"b":{},"_coverageSchema":"1a1c01bbd47fc00a2c39e90264f33305004495a9","hash":"434519748dea6fdaa92561333903367f8e10fa39"}
,"/Users/haidersyed/github/hrr45-fec/sidebar-body-related/client/components/sub-components/VRsupport.jsx": {"path":"/Users/haidersyed/github/hrr45-fec/sidebar-body-related/client/components/sub-components/VRsupport.jsx","statementMap":{"0":{"start":{"line":3,"column":18},"end":{"line":36,"column":5}},"1":{"start":{"line":4,"column":4},"end":{"line":4,"column":43}},"2":{"start":{"line":5,"column":6},"end":{"line":35,"column":7}}},"fnMap":{"0":{"name":"(anonymous_0)","decl":{"start":{"line":3,"column":18},"end":{"line":3,"column":19}},"loc":{"start":{"line":3,"column":29},"end":{"line":36,"column":5}},"line":3}},"branchMap":{},"s":{"0":1,"1":0,"2":0},"f":{"0":0},"b":{},"_coverageSchema":"1a1c01bbd47fc00a2c39e90264f33305004495a9","hash":"15cb996aec1f1d07e5fe4639a786793b98b537b8"}
,"/Users/haidersyed/github/hrr45-fec/sidebar-body-related/database/config.js": {"path":"/Users/haidersyed/github/hrr45-fec/sidebar-body-related/database/config.js","statementMap":{"0":{"start":{"line":1,"column":17},"end":{"line":1,"column":36}},"1":{"start":{"line":3,"column":0},"end":{"line":6,"column":2}},"2":{"start":{"line":8,"column":11},"end":{"line":8,"column":30}},"3":{"start":{"line":10,"column":0},"end":{"line":10,"column":65}},"4":{"start":{"line":11,"column":0},"end":{"line":11,"column":84}},"5":{"start":{"line":11,"column":22},"end":{"line":11,"column":82}}},"fnMap":{"0":{"name":"(anonymous_0)","decl":{"start":{"line":11,"column":16},"end":{"line":11,"column":17}},"loc":{"start":{"line":11,"column":22},"end":{"line":11,"column":82}},"line":11}},"branchMap":{},"s":{"0":1,"1":1,"2":1,"3":1,"4":1,"5":1},"f":{"0":1},"b":{},"_coverageSchema":"1a1c01bbd47fc00a2c39e90264f33305004495a9","hash":"86c6b49f6a370ddd10683b10c2e5975fc7f0cc49"}
,"/Users/haidersyed/github/hrr45-fec/sidebar-body-related/database/models.js": {"path":"/Users/haidersyed/github/hrr45-fec/sidebar-body-related/database/models.js","statementMap":{"0":{"start":{"line":1,"column":17},"end":{"line":1,"column":36}},"1":{"start":{"line":2,"column":15},"end":{"line":2,"column":37}},"2":{"start":{"line":5,"column":19},"end":{"line":33,"column":2}},"3":{"start":{"line":35,"column":13},"end":{"line":35,"column":47}},"4":{"start":{"line":37,"column":23},"end":{"line":48,"column":2}},"5":{"start":{"line":50,"column":16},"end":{"line":50,"column":57}},"6":{"start":{"line":53,"column":15},"end":{"line":64,"column":1}},"7":{"start":{"line":54,"column":2},"end":{"line":63,"column":5}},"8":{"start":{"line":55,"column":4},"end":{"line":62,"column":5}},"9":{"start":{"line":56,"column":6},"end":{"line":56,"column":37}},"10":{"start":{"line":57,"column":6},"end":{"line":57,"column":16}},"11":{"start":{"line":59,"column":6},"end":{"line":59,"column":26}},"12":{"start":{"line":61,"column":6},"end":{"line":61,"column":36}},"13":{"start":{"line":66,"column":26},"end":{"line":76,"column":1}},"14":{"start":{"line":67,"column":2},"end":{"line":75,"column":5}},"15":{"start":{"line":68,"column":4},"end":{"line":74,"column":5}},"16":{"start":{"line":69,"column":6},"end":{"line":69,"column":48}},"17":{"start":{"line":70,"column":6},"end":{"line":70,"column":16}},"18":{"start":{"line":72,"column":6},"end":{"line":72,"column":26}},"19":{"start":{"line":73,"column":6},"end":{"line":73,"column":47}},"20":{"start":{"line":78,"column":0},"end":{"line":78,"column":31}},"21":{"start":{"line":79,"column":0},"end":{"line":79,"column":53}},"22":{"start":{"line":80,"column":0},"end":{"line":80,"column":33}},"23":{"start":{"line":81,"column":0},"end":{"line":81,"column":27}}},"fnMap":{"0":{"name":"(anonymous_0)","decl":{"start":{"line":53,"column":15},"end":{"line":53,"column":16}},"loc":{"start":{"line":53,"column":36},"end":{"line":64,"column":1}},"line":53},"1":{"name":"(anonymous_1)","decl":{"start":{"line":54,"column":35},"end":{"line":54,"column":36}},"loc":{"start":{"line":54,"column":49},"end":{"line":63,"column":3}},"line":54},"2":{"name":"(anonymous_2)","decl":{"start":{"line":66,"column":26},"end":{"line":66,"column":27}},"loc":{"start":{"line":66,"column":40},"end":{"line":76,"column":1}},"line":66},"3":{"name":"(anonymous_3)","decl":{"start":{"line":67,"column":24},"end":{"line":67,"column":25}},"loc":{"start":{"line":67,"column":38},"end":{"line":75,"column":3}},"line":67}},"branchMap":{"0":{"loc":{"start":{"line":55,"column":4},"end":{"line":62,"column":5}},"type":"if","locations":[{"start":{"line":55,"column":4},"end":{"line":62,"column":5}},{"start":{"line":55,"column":4},"end":{"line":62,"column":5}}],"line":55},"1":{"loc":{"start":{"line":68,"column":4},"end":{"line":74,"column":5}},"type":"if","locations":[{"start":{"line":68,"column":4},"end":{"line":74,"column":5}},{"start":{"line":68,"column":4},"end":{"line":74,"column":5}}],"line":68}},"s":{"0":1,"1":1,"2":1,"3":1,"4":1,"5":1,"6":1,"7":1,"8":1,"9":0,"10":0,"11":1,"12":1,"13":1,"14":1,"15":1,"16":0,"17":0,"18":1,"19":1,"20":1,"21":1,"22":1,"23":1},"f":{"0":1,"1":1,"2":1,"3":1},"b":{"0":[0,1],"1":[0,1]},"_coverageSchema":"1a1c01bbd47fc00a2c39e90264f33305004495a9","hash":"5341a82b0e41eda864dd5be8117789020859ba82"}
,"/Users/haidersyed/github/hrr45-fec/sidebar-body-related/server/index.js": {"path":"/Users/haidersyed/github/hrr45-fec/sidebar-body-related/server/index.js","statementMap":{"0":{"start":{"line":1,"column":16},"end":{"line":1,"column":34}},"1":{"start":{"line":2,"column":13},"end":{"line":2,"column":28}},"2":{"start":{"line":3,"column":15},"end":{"line":3,"column":47}},"3":{"start":{"line":4,"column":12},"end":{"line":4,"column":21}},"4":{"start":{"line":5,"column":19},"end":{"line":5,"column":41}},"5":{"start":{"line":7,"column":0},"end":{"line":7,"column":55}},"6":{"start":{"line":8,"column":0},"end":{"line":8,"column":27}},"7":{"start":{"line":9,"column":0},"end":{"line":14,"column":2}},"8":{"start":{"line":10,"column":2},"end":{"line":10,"column":49}},"9":{"start":{"line":13,"column":0},"end":{"line":13,"column":6}},"10":{"start":{"line":18,"column":0},"end":{"line":30,"column":2}},"11":{"start":{"line":19,"column":14},"end":{"line":19,"column":23}},"12":{"start":{"line":20,"column":2},"end":{"line":20,"column":35}},"13":{"start":{"line":21,"column":2},"end":{"line":29,"column":4}},"14":{"start":{"line":22,"column":4},"end":{"line":28,"column":5}},"15":{"start":{"line":23,"column":6},"end":{"line":23,"column":36}},"16":{"start":{"line":24,"column":6},"end":{"line":24,"column":32}},"17":{"start":{"line":26,"column":6},"end":{"line":26,"column":38}},"18":{"start":{"line":27,"column":6},"end":{"line":27,"column":33}},"19":{"start":{"line":32,"column":0},"end":{"line":40,"column":2}},"20":{"start":{"line":33,"column":2},"end":{"line":39,"column":4}},"21":{"start":{"line":34,"column":4},"end":{"line":38,"column":5}},"22":{"start":{"line":35,"column":6},"end":{"line":35,"column":32}},"23":{"start":{"line":37,"column":6},"end":{"line":37,"column":33}},"24":{"start":{"line":42,"column":0},"end":{"line":42,"column":20}}},"fnMap":{"0":{"name":"(anonymous_0)","decl":{"start":{"line":9,"column":8},"end":{"line":9,"column":9}},"loc":{"start":{"line":9,"column":33},"end":{"line":14,"column":1}},"line":9},"1":{"name":"(anonymous_1)","decl":{"start":{"line":18,"column":21},"end":{"line":18,"column":22}},"loc":{"start":{"line":18,"column":35},"end":{"line":30,"column":1}},"line":18},"2":{"name":"(anonymous_2)","decl":{"start":{"line":21,"column":23},"end":{"line":21,"column":24}},"loc":{"start":{"line":21,"column":38},"end":{"line":29,"column":3}},"line":21},"3":{"name":"(anonymous_3)","decl":{"start":{"line":32,"column":28},"end":{"line":32,"column":29}},"loc":{"start":{"line":32,"column":42},"end":{"line":40,"column":1}},"line":32},"4":{"name":"(anonymous_4)","decl":{"start":{"line":33,"column":28},"end":{"line":33,"column":29}},"loc":{"start":{"line":33,"column":43},"end":{"line":39,"column":3}},"line":33}},"branchMap":{"0":{"loc":{"start":{"line":22,"column":4},"end":{"line":28,"column":5}},"type":"if","locations":[{"start":{"line":22,"column":4},"end":{"line":28,"column":5}},{"start":{"line":22,"column":4},"end":{"line":28,"column":5}}],"line":22},"1":{"loc":{"start":{"line":34,"column":4},"end":{"line":38,"column":5}},"type":"if","locations":[{"start":{"line":34,"column":4},"end":{"line":38,"column":5}},{"start":{"line":34,"column":4},"end":{"line":38,"column":5}}],"line":34}},"s":{"0":1,"1":1,"2":1,"3":1,"4":1,"5":1,"6":1,"7":1,"8":2,"9":2,"10":1,"11":1,"12":1,"13":1,"14":1,"15":0,"16":0,"17":1,"18":1,"19":1,"20":1,"21":1,"22":0,"23":1,"24":1},"f":{"0":2,"1":1,"2":1,"3":1,"4":1},"b":{"0":[0,1],"1":[0,1]},"_coverageSchema":"1a1c01bbd47fc00a2c39e90264f33305004495a9","hash":"acf17397cb3815c4bf87cdaf397993c09f4cd99e"}
}
