TN:
SF:client/App.jsx
FN:8,(anonymous_0)
FN:16,(anonymous_1)
FN:22,(anonymous_2)
FN:30,(anonymous_3)
FN:37,(anonymous_4)
FNF:5
FNH:3
FNDA:1,(anonymous_0)
FNDA:1,(anonymous_1)
FNDA:0,(anonymous_2)
FNDA:0,(anonymous_3)
FNDA:1,(anonymous_4)
DA:9,1
DA:10,1
DA:17,1
DA:24,0
DA:27,0
DA:28,0
DA:31,0
DA:32,0
DA:38,1
DA:40,1
LF:10
LH:5
BRDA:43,0,0,0
BRDA:43,0,1,1
BRDA:46,1,0,0
BRDA:46,1,1,1
BRF:4
BRH:2
end_of_record
TN:
SF:client/components/Mainbody.jsx
FN:4,(anonymous_0)
FNF:1
FNH:0
FNDA:0,(anonymous_0)
DA:4,1
DA:6,0
DA:7,0
DA:8,0
DA:9,0
DA:10,0
DA:11,0
DA:13,0
LF:8
LH:1
BRF:0
BRH:0
end_of_record
TN:
SF:client/components/RelatedContent.jsx
FN:4,(anonymous_0)
FNF:1
FNH:0
FNDA:0,(anonymous_0)
DA:4,1
DA:6,0
LF:2
LH:1
BRF:0
BRH:0
end_of_record
TN:
SF:client/components/Sidebar.jsx
FN:9,(anonymous_0)
FNF:1
FNH:0
FNDA:0,(anonymous_0)
DA:9,1
DA:10,0
DA:11,0
LF:3
LH:1
BRF:0
BRH:0
end_of_record
TN:
SF:client/components/sub-components/Languages.jsx
FN:3,(anonymous_0)
FNF:1
FNH:0
FNDA:0,(anonymous_0)
DA:3,1
DA:4,0
DA:5,0
LF:3
LH:1
BRF:0
BRH:0
end_of_record
TN:
SF:client/components/sub-components/Minidescription.jsx
FN:4,(anonymous_0)
FNF:1
FNH:0
FNDA:0,(anonymous_0)
DA:4,1
DA:5,0
DA:6,0
DA:7,0
DA:8,0
LF:5
LH:1
BRF:0
BRH:0
end_of_record
TN:
SF:client/components/sub-components/Subdescription.jsx
FN:3,(anonymous_0)
FNF:1
FNH:0
FNDA:0,(anonymous_0)
DA:3,1
DA:4,0
DA:5,0
LF:3
LH:1
BRF:0
BRH:0
end_of_record
TN:
SF:client/components/sub-components/VRsupport.jsx
FN:3,(anonymous_0)
FNF:1
FNH:0
FNDA:0,(anonymous_0)
DA:3,1
DA:4,0
DA:5,0
LF:3
LH:1
BRF:0
BRH:0
end_of_record
TN:
SF:database/config.js
FN:11,(anonymous_0)
FNF:1
FNH:1
FNDA:1,(anonymous_0)
DA:1,1
DA:3,1
DA:8,1
DA:10,1
DA:11,1
LF:5
LH:5
BRF:0
BRH:0
end_of_record
TN:
SF:database/models.js
FN:53,(anonymous_0)
FN:54,(anonymous_1)
FN:66,(anonymous_2)
FN:67,(anonymous_3)
FNF:4
FNH:4
FNDA:1,(anonymous_0)
FNDA:1,(anonymous_1)
FNDA:1,(anonymous_2)
FNDA:1,(anonymous_3)
DA:1,1
DA:2,1
DA:5,1
DA:35,1
DA:37,1
DA:50,1
DA:53,1
DA:54,1
DA:55,1
DA:56,0
DA:57,0
DA:59,1
DA:61,1
DA:66,1
DA:67,1
DA:68,1
DA:69,0
DA:70,0
DA:72,1
DA:73,1
DA:78,1
DA:79,1
DA:80,1
DA:81,1
LF:24
LH:20
BRDA:55,0,0,0
BRDA:55,0,1,1
BRDA:68,1,0,0
BRDA:68,1,1,1
BRF:4
BRH:2
end_of_record
TN:
SF:server/index.js
FN:9,(anonymous_0)
FN:18,(anonymous_1)
FN:21,(anonymous_2)
FN:32,(anonymous_3)
FN:33,(anonymous_4)
FNF:5
FNH:5
FNDA:2,(anonymous_0)
FNDA:1,(anonymous_1)
FNDA:1,(anonymous_2)
FNDA:1,(anonymous_3)
FNDA:1,(anonymous_4)
DA:1,1
DA:2,1
DA:3,1
DA:4,1
DA:5,1
DA:7,1
DA:8,1
DA:9,1
DA:10,2
DA:13,2
DA:18,1
DA:19,1
DA:20,1
DA:21,1
DA:22,1
DA:23,0
DA:24,0
DA:26,1
DA:27,1
DA:32,1
DA:33,1
DA:34,1
DA:35,0
DA:37,1
DA:42,1
LF:25
LH:22
BRDA:22,0,0,0
BRDA:22,0,1,1
BRDA:34,1,0,0
BRDA:34,1,1,1
BRF:4
BRH:2
end_of_record
